2023-10-30T13:53:04.009+01:00  INFO 14952 --- [main] c.e.TutoSpring.TutoSpringApplication     : Starting TutoSpringApplication using Java 17.0.8 with PID 14952 (C:\Users\narim\IdeaProjects\springProject\ProjectSpringAngular\target\classes started by narim in C:\Users\narim\IdeaProjects\springProject\ProjectSpringAngular)
2023-10-30T13:53:04.038+01:00 DEBUG 14952 --- [main] c.e.TutoSpring.TutoSpringApplication     : Running with Spring Boot v3.1.5, Spring v6.0.13
2023-10-30T13:53:04.040+01:00  INFO 14952 --- [main] c.e.TutoSpring.TutoSpringApplication     : No active profile set, falling back to 1 default profile: "default"
2023-10-30T13:53:05.399+01:00  INFO 14952 --- [main] .s.d.r.c.RepositoryConfigurationDelegate : Bootstrapping Spring Data JPA repositories in DEFAULT mode.
2023-10-30T13:53:05.515+01:00  INFO 14952 --- [main] .s.d.r.c.RepositoryConfigurationDelegate : Finished Spring Data repository scanning in 99 ms. Found 2 JPA repository interfaces.
2023-10-30T13:53:06.247+01:00  INFO 14952 --- [main] o.s.b.w.embedded.tomcat.TomcatWebServer  : Tomcat initialized with port(s): 8080 (http)
2023-10-30T13:53:06.369+01:00  INFO 14952 --- [main] w.s.c.ServletWebServerApplicationContext : Root WebApplicationContext: initialization completed in 2196 ms
2023-10-30T13:53:06.944+01:00  INFO 14952 --- [main] o.s.o.j.p.SpringPersistenceUnitInfo      : No LoadTimeWeaver setup: ignoring JPA class transformer
2023-10-30T13:53:07.249+01:00  WARN 14952 --- [main] org.hibernate.orm.deprecation            : HHH90000025: PostgreSQLDialect does not need to be specified explicitly using 'hibernate.dialect' (remove the property setting and it will be selected by default)
2023-10-30T13:53:08.607+01:00  INFO 14952 --- [main] j.LocalContainerEntityManagerFactoryBean : Initialized JPA EntityManagerFactory for persistence unit 'default'
2023-10-30T13:53:09.119+01:00  WARN 14952 --- [main] JpaBaseConfiguration$JpaWebConfiguration : spring.jpa.open-in-view is enabled by default. Therefore, database queries may be performed during view rendering. Explicitly configure spring.jpa.open-in-view to disable this warning
2023-10-30T13:53:10.192+01:00  INFO 14952 --- [main] o.s.b.w.embedded.tomcat.TomcatWebServer  : Tomcat started on port(s): 8080 (http) with context path ''
2023-10-30T13:53:10.203+01:00  INFO 14952 --- [main] c.e.TutoSpring.TutoSpringApplication     : Started TutoSpringApplication in 7.215 seconds (process running for 8.773)
2023-10-30T13:54:11.824+01:00  INFO 14952 --- [http-nio-8080-exec-2] o.s.web.servlet.DispatcherServlet        : Initializing Servlet 'dispatcherServlet'
2023-10-30T13:54:11.829+01:00  INFO 14952 --- [http-nio-8080-exec-2] o.s.web.servlet.DispatcherServlet        : Completed initialization in 4 ms
2023-10-30T13:54:12.457+01:00  WARN 14952 --- [http-nio-8080-exec-3] o.s.core.utils.PropertyResolverUtils     : Could not resolve placeholder 'info.app.name' in value "${info.app.name}"
2023-10-30T13:54:12.459+01:00  WARN 14952 --- [http-nio-8080-exec-3] o.s.core.utils.PropertyResolverUtils     : Could not resolve placeholder 'info.app.description' in value "${info.app.description}"
2023-10-30T13:54:12.462+01:00  WARN 14952 --- [http-nio-8080-exec-3] o.s.core.utils.PropertyResolverUtils     : Could not resolve placeholder 'info.app.version' in value "${info.app.version}"
2023-10-30T13:54:12.465+01:00  WARN 14952 --- [http-nio-8080-exec-3] o.s.core.utils.PropertyResolverUtils     : Could not resolve placeholder 'info.app.contact.name' in value "${info.app.contact.name}"
2023-10-30T13:54:12.467+01:00  WARN 14952 --- [http-nio-8080-exec-3] o.s.core.utils.PropertyResolverUtils     : Could not resolve placeholder 'info.app.contact.email' in value "${info.app.contact.email}"
2023-10-30T13:54:23.627+01:00  WARN 14952 --- [http-nio-8080-exec-4] o.s.core.utils.PropertyResolverUtils     : Could not resolve placeholder 'info.app.name' in value "${info.app.name}"
2023-10-30T13:54:23.629+01:00  WARN 14952 --- [http-nio-8080-exec-4] o.s.core.utils.PropertyResolverUtils     : Could not resolve placeholder 'info.app.description' in value "${info.app.description}"
2023-10-30T13:54:23.631+01:00  WARN 14952 --- [http-nio-8080-exec-4] o.s.core.utils.PropertyResolverUtils     : Could not resolve placeholder 'info.app.version' in value "${info.app.version}"
2023-10-30T13:54:23.632+01:00  WARN 14952 --- [http-nio-8080-exec-4] o.s.core.utils.PropertyResolverUtils     : Could not resolve placeholder 'info.app.contact.name' in value "${info.app.contact.name}"
2023-10-30T13:54:23.633+01:00  WARN 14952 --- [http-nio-8080-exec-4] o.s.core.utils.PropertyResolverUtils     : Could not resolve placeholder 'info.app.contact.email' in value "${info.app.contact.email}"
2023-10-30T13:54:23.729+01:00  WARN 14952 --- [http-nio-8080-exec-4] ocalVariableTableParameterNameDiscoverer : Using deprecated '-debug' fallback for parameter name resolution. Compile the affected code with '-parameters' instead or avoid its introspection: com.example.TutoSpring.controller.SkillsController
2023-10-30T13:56:08.974+01:00  WARN 14952 --- [http-nio-8080-exec-6] .w.s.m.s.DefaultHandlerExceptionResolver : Resolved [org.springframework.http.converter.HttpMessageNotReadableException: JSON parse error: Cannot construct instance of `com.example.TutoSpring.model.Category` (although at least one Creator exists): no String-argument constructor/factory method to deserialize from String value ('string')]
2023-10-30T13:56:38.714+01:00  WARN 14952 --- [http-nio-8080-exec-8] .w.s.m.s.DefaultHandlerExceptionResolver : Resolved [org.springframework.http.converter.HttpMessageNotReadableException: JSON parse error: Cannot construct instance of `com.example.TutoSpring.model.Category` (although at least one Creator exists): no String-argument constructor/factory method to deserialize from String value ('string')]
2023-10-30T14:01:17.049+01:00  INFO 14952 --- [SpringApplicationShutdownHook] j.LocalContainerEntityManagerFactoryBean : Closing JPA EntityManagerFactory for persistence unit 'default'
2023-10-30T14:01:22.390+01:00  INFO 13896 --- [main] c.e.TutoSpring.TutoSpringApplication     : Starting TutoSpringApplication using Java 17.0.8 with PID 13896 (C:\Users\narim\IdeaProjects\springProject\ProjectSpringAngular\target\classes started by narim in C:\Users\narim\IdeaProjects\springProject\ProjectSpringAngular)
2023-10-30T14:01:22.392+01:00 DEBUG 13896 --- [main] c.e.TutoSpring.TutoSpringApplication     : Running with Spring Boot v3.1.5, Spring v6.0.13
2023-10-30T14:01:22.393+01:00  INFO 13896 --- [main] c.e.TutoSpring.TutoSpringApplication     : No active profile set, falling back to 1 default profile: "default"
2023-10-30T14:01:23.078+01:00  INFO 13896 --- [main] .s.d.r.c.RepositoryConfigurationDelegate : Bootstrapping Spring Data JPA repositories in DEFAULT mode.
2023-10-30T14:01:23.151+01:00  INFO 13896 --- [main] .s.d.r.c.RepositoryConfigurationDelegate : Finished Spring Data repository scanning in 67 ms. Found 2 JPA repository interfaces.
2023-10-30T14:01:23.703+01:00  INFO 13896 --- [main] o.s.b.w.embedded.tomcat.TomcatWebServer  : Tomcat initialized with port(s): 8080 (http)
2023-10-30T14:01:23.813+01:00  INFO 13896 --- [main] w.s.c.ServletWebServerApplicationContext : Root WebApplicationContext: initialization completed in 1370 ms
2023-10-30T14:01:24.256+01:00  INFO 13896 --- [main] o.s.o.j.p.SpringPersistenceUnitInfo      : No LoadTimeWeaver setup: ignoring JPA class transformer
2023-10-30T14:01:24.540+01:00  WARN 13896 --- [main] org.hibernate.orm.deprecation            : HHH90000025: PostgreSQLDialect does not need to be specified explicitly using 'hibernate.dialect' (remove the property setting and it will be selected by default)
2023-10-30T14:01:25.778+01:00  INFO 13896 --- [main] j.LocalContainerEntityManagerFactoryBean : Initialized JPA EntityManagerFactory for persistence unit 'default'
2023-10-30T14:01:26.167+01:00  WARN 13896 --- [main] JpaBaseConfiguration$JpaWebConfiguration : spring.jpa.open-in-view is enabled by default. Therefore, database queries may be performed during view rendering. Explicitly configure spring.jpa.open-in-view to disable this warning
2023-10-30T14:01:27.063+01:00  INFO 13896 --- [main] o.s.b.w.embedded.tomcat.TomcatWebServer  : Tomcat started on port(s): 8080 (http) with context path ''
2023-10-30T14:01:27.078+01:00  INFO 13896 --- [main] c.e.TutoSpring.TutoSpringApplication     : Started TutoSpringApplication in 5.064 seconds (process running for 5.7)
2023-10-30T14:01:31.562+01:00  INFO 13896 --- [http-nio-8080-exec-1] o.s.web.servlet.DispatcherServlet        : Initializing Servlet 'dispatcherServlet'
2023-10-30T14:01:31.565+01:00  INFO 13896 --- [http-nio-8080-exec-1] o.s.web.servlet.DispatcherServlet        : Completed initialization in 1 ms
2023-10-30T14:01:31.884+01:00  WARN 13896 --- [http-nio-8080-exec-5] o.s.core.utils.PropertyResolverUtils     : Could not resolve placeholder 'info.app.name' in value "${info.app.name}"
2023-10-30T14:01:31.885+01:00  WARN 13896 --- [http-nio-8080-exec-5] o.s.core.utils.PropertyResolverUtils     : Could not resolve placeholder 'info.app.description' in value "${info.app.description}"
2023-10-30T14:01:31.885+01:00  WARN 13896 --- [http-nio-8080-exec-5] o.s.core.utils.PropertyResolverUtils     : Could not resolve placeholder 'info.app.version' in value "${info.app.version}"
2023-10-30T14:01:31.886+01:00  WARN 13896 --- [http-nio-8080-exec-5] o.s.core.utils.PropertyResolverUtils     : Could not resolve placeholder 'info.app.contact.name' in value "${info.app.contact.name}"
2023-10-30T14:01:31.886+01:00  WARN 13896 --- [http-nio-8080-exec-5] o.s.core.utils.PropertyResolverUtils     : Could not resolve placeholder 'info.app.contact.email' in value "${info.app.contact.email}"
2023-10-30T14:01:31.941+01:00  WARN 13896 --- [http-nio-8080-exec-5] ocalVariableTableParameterNameDiscoverer : Using deprecated '-debug' fallback for parameter name resolution. Compile the affected code with '-parameters' instead or avoid its introspection: com.example.TutoSpring.controller.SkillsController
2023-10-30T14:03:12.158+01:00  INFO 13896 --- [SpringApplicationShutdownHook] j.LocalContainerEntityManagerFactoryBean : Closing JPA EntityManagerFactory for persistence unit 'default'
2023-10-30T14:03:16.504+01:00  INFO 10392 --- [main] c.e.TutoSpring.TutoSpringApplication     : Starting TutoSpringApplication using Java 17.0.8 with PID 10392 (C:\Users\narim\IdeaProjects\springProject\ProjectSpringAngular\target\classes started by narim in C:\Users\narim\IdeaProjects\springProject\ProjectSpringAngular)
2023-10-30T14:03:16.506+01:00 DEBUG 10392 --- [main] c.e.TutoSpring.TutoSpringApplication     : Running with Spring Boot v3.1.5, Spring v6.0.13
2023-10-30T14:03:16.507+01:00  INFO 10392 --- [main] c.e.TutoSpring.TutoSpringApplication     : No active profile set, falling back to 1 default profile: "default"
2023-10-30T14:03:17.265+01:00  INFO 10392 --- [main] .s.d.r.c.RepositoryConfigurationDelegate : Bootstrapping Spring Data JPA repositories in DEFAULT mode.
2023-10-30T14:03:17.334+01:00  INFO 10392 --- [main] .s.d.r.c.RepositoryConfigurationDelegate : Finished Spring Data repository scanning in 61 ms. Found 2 JPA repository interfaces.
2023-10-30T14:03:17.860+01:00  INFO 10392 --- [main] o.s.b.w.embedded.tomcat.TomcatWebServer  : Tomcat initialized with port(s): 8080 (http)
2023-10-30T14:03:17.958+01:00  INFO 10392 --- [main] w.s.c.ServletWebServerApplicationContext : Root WebApplicationContext: initialization completed in 1397 ms
2023-10-30T14:03:18.456+01:00  INFO 10392 --- [main] o.s.o.j.p.SpringPersistenceUnitInfo      : No LoadTimeWeaver setup: ignoring JPA class transformer
2023-10-30T14:03:18.766+01:00  WARN 10392 --- [main] org.hibernate.orm.deprecation            : HHH90000025: PostgreSQLDialect does not need to be specified explicitly using 'hibernate.dialect' (remove the property setting and it will be selected by default)
2023-10-30T14:03:20.076+01:00  INFO 10392 --- [main] j.LocalContainerEntityManagerFactoryBean : Initialized JPA EntityManagerFactory for persistence unit 'default'
2023-10-30T14:03:20.500+01:00  WARN 10392 --- [main] JpaBaseConfiguration$JpaWebConfiguration : spring.jpa.open-in-view is enabled by default. Therefore, database queries may be performed during view rendering. Explicitly configure spring.jpa.open-in-view to disable this warning
2023-10-30T14:03:21.459+01:00  INFO 10392 --- [main] o.s.b.w.embedded.tomcat.TomcatWebServer  : Tomcat started on port(s): 8080 (http) with context path ''
2023-10-30T14:03:21.468+01:00  INFO 10392 --- [main] c.e.TutoSpring.TutoSpringApplication     : Started TutoSpringApplication in 5.462 seconds (process running for 6.185)
2023-10-30T14:03:31.797+01:00  INFO 10392 --- [http-nio-8080-exec-1] o.s.web.servlet.DispatcherServlet        : Initializing Servlet 'dispatcherServlet'
2023-10-30T14:03:31.800+01:00  INFO 10392 --- [http-nio-8080-exec-1] o.s.web.servlet.DispatcherServlet        : Completed initialization in 2 ms
2023-10-30T14:03:32.238+01:00  WARN 10392 --- [http-nio-8080-exec-4] o.s.core.utils.PropertyResolverUtils     : Could not resolve placeholder 'info.app.name' in value "${info.app.name}"
2023-10-30T14:03:32.241+01:00  WARN 10392 --- [http-nio-8080-exec-4] o.s.core.utils.PropertyResolverUtils     : Could not resolve placeholder 'info.app.description' in value "${info.app.description}"
2023-10-30T14:03:32.243+01:00  WARN 10392 --- [http-nio-8080-exec-4] o.s.core.utils.PropertyResolverUtils     : Could not resolve placeholder 'info.app.version' in value "${info.app.version}"
2023-10-30T14:03:32.246+01:00  WARN 10392 --- [http-nio-8080-exec-4] o.s.core.utils.PropertyResolverUtils     : Could not resolve placeholder 'info.app.contact.name' in value "${info.app.contact.name}"
2023-10-30T14:03:32.248+01:00  WARN 10392 --- [http-nio-8080-exec-4] o.s.core.utils.PropertyResolverUtils     : Could not resolve placeholder 'info.app.contact.email' in value "${info.app.contact.email}"
2023-10-30T14:03:32.400+01:00  WARN 10392 --- [http-nio-8080-exec-4] ocalVariableTableParameterNameDiscoverer : Using deprecated '-debug' fallback for parameter name resolution. Compile the affected code with '-parameters' instead or avoid its introspection: com.example.TutoSpring.controller.SkillsController
2023-10-30T14:03:39.438+01:00  WARN 10392 --- [http-nio-8080-exec-7] o.s.core.utils.PropertyResolverUtils     : Could not resolve placeholder 'info.app.name' in value "${info.app.name}"
2023-10-30T14:03:39.441+01:00  WARN 10392 --- [http-nio-8080-exec-7] o.s.core.utils.PropertyResolverUtils     : Could not resolve placeholder 'info.app.description' in value "${info.app.description}"
2023-10-30T14:03:39.442+01:00  WARN 10392 --- [http-nio-8080-exec-7] o.s.core.utils.PropertyResolverUtils     : Could not resolve placeholder 'info.app.version' in value "${info.app.version}"
2023-10-30T14:03:39.443+01:00  WARN 10392 --- [http-nio-8080-exec-7] o.s.core.utils.PropertyResolverUtils     : Could not resolve placeholder 'info.app.contact.name' in value "${info.app.contact.name}"
2023-10-30T14:03:39.443+01:00  WARN 10392 --- [http-nio-8080-exec-7] o.s.core.utils.PropertyResolverUtils     : Could not resolve placeholder 'info.app.contact.email' in value "${info.app.contact.email}"
2023-10-30T14:10:16.100+01:00  INFO 10392 --- [SpringApplicationShutdownHook] j.LocalContainerEntityManagerFactoryBean : Closing JPA EntityManagerFactory for persistence unit 'default'
2023-10-30T14:10:19.569+01:00  INFO 13908 --- [main] c.e.TutoSpring.TutoSpringApplication     : Starting TutoSpringApplication using Java 17.0.8 with PID 13908 (C:\Users\narim\IdeaProjects\springProject\ProjectSpringAngular\target\classes started by narim in C:\Users\narim\IdeaProjects\springProject\ProjectSpringAngular)
2023-10-30T14:10:19.571+01:00 DEBUG 13908 --- [main] c.e.TutoSpring.TutoSpringApplication     : Running with Spring Boot v3.1.5, Spring v6.0.13
2023-10-30T14:10:19.572+01:00  INFO 13908 --- [main] c.e.TutoSpring.TutoSpringApplication     : No active profile set, falling back to 1 default profile: "default"
2023-10-30T14:10:20.409+01:00  INFO 13908 --- [main] .s.d.r.c.RepositoryConfigurationDelegate : Bootstrapping Spring Data JPA repositories in DEFAULT mode.
2023-10-30T14:10:20.489+01:00  INFO 13908 --- [main] .s.d.r.c.RepositoryConfigurationDelegate : Finished Spring Data repository scanning in 71 ms. Found 2 JPA repository interfaces.
2023-10-30T14:10:21.052+01:00  INFO 13908 --- [main] o.s.b.w.embedded.tomcat.TomcatWebServer  : Tomcat initialized with port(s): 8080 (http)
2023-10-30T14:10:21.160+01:00  INFO 13908 --- [main] w.s.c.ServletWebServerApplicationContext : Root WebApplicationContext: initialization completed in 1544 ms
2023-10-30T14:10:21.773+01:00  INFO 13908 --- [main] o.s.o.j.p.SpringPersistenceUnitInfo      : No LoadTimeWeaver setup: ignoring JPA class transformer
2023-10-30T14:10:22.126+01:00  WARN 13908 --- [main] org.hibernate.orm.deprecation            : HHH90000025: PostgreSQLDialect does not need to be specified explicitly using 'hibernate.dialect' (remove the property setting and it will be selected by default)
2023-10-30T14:10:23.591+01:00  INFO 13908 --- [main] j.LocalContainerEntityManagerFactoryBean : Initialized JPA EntityManagerFactory for persistence unit 'default'
2023-10-30T14:10:24.049+01:00  WARN 13908 --- [main] JpaBaseConfiguration$JpaWebConfiguration : spring.jpa.open-in-view is enabled by default. Therefore, database queries may be performed during view rendering. Explicitly configure spring.jpa.open-in-view to disable this warning
2023-10-30T14:10:24.908+01:00  INFO 13908 --- [main] o.s.b.w.embedded.tomcat.TomcatWebServer  : Tomcat started on port(s): 8080 (http) with context path ''
2023-10-30T14:10:24.920+01:00  INFO 13908 --- [main] c.e.TutoSpring.TutoSpringApplication     : Started TutoSpringApplication in 5.816 seconds (process running for 6.573)
2023-10-30T14:10:30.127+01:00  INFO 13908 --- [http-nio-8080-exec-1] o.s.web.servlet.DispatcherServlet        : Initializing Servlet 'dispatcherServlet'
2023-10-30T14:10:30.129+01:00  INFO 13908 --- [http-nio-8080-exec-1] o.s.web.servlet.DispatcherServlet        : Completed initialization in 1 ms
2023-10-30T14:10:30.442+01:00  WARN 13908 --- [http-nio-8080-exec-4] o.s.core.utils.PropertyResolverUtils     : Could not resolve placeholder 'info.app.name' in value "${info.app.name}"
2023-10-30T14:10:30.443+01:00  WARN 13908 --- [http-nio-8080-exec-4] o.s.core.utils.PropertyResolverUtils     : Could not resolve placeholder 'info.app.description' in value "${info.app.description}"
2023-10-30T14:10:30.445+01:00  WARN 13908 --- [http-nio-8080-exec-4] o.s.core.utils.PropertyResolverUtils     : Could not resolve placeholder 'info.app.version' in value "${info.app.version}"
2023-10-30T14:10:30.446+01:00  WARN 13908 --- [http-nio-8080-exec-4] o.s.core.utils.PropertyResolverUtils     : Could not resolve placeholder 'info.app.contact.name' in value "${info.app.contact.name}"
2023-10-30T14:10:30.447+01:00  WARN 13908 --- [http-nio-8080-exec-4] o.s.core.utils.PropertyResolverUtils     : Could not resolve placeholder 'info.app.contact.email' in value "${info.app.contact.email}"
2023-10-30T14:10:30.513+01:00  WARN 13908 --- [http-nio-8080-exec-4] ocalVariableTableParameterNameDiscoverer : Using deprecated '-debug' fallback for parameter name resolution. Compile the affected code with '-parameters' instead or avoid its introspection: com.example.TutoSpring.controller.SkillsController
2023-10-30T14:15:41.810+01:00  WARN 13908 --- [http-nio-8080-exec-7] .w.s.m.s.DefaultHandlerExceptionResolver : Resolved [org.springframework.http.converter.HttpMessageNotReadableException: JSON parse error: Cannot construct instance of `com.example.TutoSpring.model.Category` (although at least one Creator exists): no String-argument constructor/factory method to deserialize from String value ('string')]
2023-10-30T14:47:38.242+01:00  INFO 13908 --- [SpringApplicationShutdownHook] j.LocalContainerEntityManagerFactoryBean : Closing JPA EntityManagerFactory for persistence unit 'default'
2023-10-30T14:47:43.708+01:00  INFO 14888 --- [main] c.e.TutoSpring.TutoSpringApplication     : Starting TutoSpringApplication using Java 17.0.8 with PID 14888 (C:\Users\narim\IdeaProjects\springProject\ProjectSpringAngular\target\classes started by narim in C:\Users\narim\IdeaProjects\springProject\ProjectSpringAngular)
2023-10-30T14:47:43.711+01:00 DEBUG 14888 --- [main] c.e.TutoSpring.TutoSpringApplication     : Running with Spring Boot v3.1.5, Spring v6.0.13
2023-10-30T14:47:43.712+01:00  INFO 14888 --- [main] c.e.TutoSpring.TutoSpringApplication     : No active profile set, falling back to 1 default profile: "default"
2023-10-30T14:47:44.382+01:00  INFO 14888 --- [main] .s.d.r.c.RepositoryConfigurationDelegate : Bootstrapping Spring Data JPA repositories in DEFAULT mode.
2023-10-30T14:47:44.450+01:00  INFO 14888 --- [main] .s.d.r.c.RepositoryConfigurationDelegate : Finished Spring Data repository scanning in 61 ms. Found 2 JPA repository interfaces.
2023-10-30T14:47:45.012+01:00  INFO 14888 --- [main] o.s.b.w.embedded.tomcat.TomcatWebServer  : Tomcat initialized with port(s): 8080 (http)
2023-10-30T14:47:45.111+01:00  INFO 14888 --- [main] w.s.c.ServletWebServerApplicationContext : Root WebApplicationContext: initialization completed in 1357 ms
2023-10-30T14:47:45.538+01:00  INFO 14888 --- [main] o.s.o.j.p.SpringPersistenceUnitInfo      : No LoadTimeWeaver setup: ignoring JPA class transformer
2023-10-30T14:47:45.852+01:00  WARN 14888 --- [main] org.hibernate.orm.deprecation            : HHH90000025: PostgreSQLDialect does not need to be specified explicitly using 'hibernate.dialect' (remove the property setting and it will be selected by default)
2023-10-30T14:47:47.243+01:00  INFO 14888 --- [main] j.LocalContainerEntityManagerFactoryBean : Initialized JPA EntityManagerFactory for persistence unit 'default'
2023-10-30T14:47:47.682+01:00  WARN 14888 --- [main] JpaBaseConfiguration$JpaWebConfiguration : spring.jpa.open-in-view is enabled by default. Therefore, database queries may be performed during view rendering. Explicitly configure spring.jpa.open-in-view to disable this warning
2023-10-30T14:47:47.822+01:00  WARN 14888 --- [main] ConfigServletWebServerApplicationContext : Exception encountered during context initialization - cancelling refresh attempt: org.springframework.beans.factory.BeanCreationException: Error creating bean with name 'requestMappingHandlerMapping' defined in class path resource [org/springframework/boot/autoconfigure/web/servlet/WebMvcAutoConfiguration$EnableWebMvcConfiguration.class]: Invalid mapping on handler class [com.example.TutoSpring.controller.CategoryController]: public void com.example.TutoSpring.controller.CategoryController.Delete(java.util.UUID)
2023-10-30T14:47:47.823+01:00  INFO 14888 --- [main] j.LocalContainerEntityManagerFactoryBean : Closing JPA EntityManagerFactory for persistence unit 'default'
2023-10-30T14:47:47.848+01:00  INFO 14888 --- [main] .s.b.a.l.ConditionEvaluationReportLogger : 

Error starting ApplicationContext. To display the condition evaluation report re-run your application with 'debug' enabled.
2023-10-30T14:47:47.867+01:00 ERROR 14888 --- [main] o.s.b.d.LoggingFailureAnalysisReporter   : 

***************************
APPLICATION FAILED TO START
***************************

Description:

Invalid mapping pattern detected: /category/{idCategory
                     ^
Expected close capture character after variable name }

Action:

Fix this pattern in your application or switch to the legacy parser implementation with 'spring.mvc.pathmatch.matching-strategy=ant_path_matcher'.

2023-10-30T14:48:26.112+01:00  INFO 11544 --- [main] c.e.TutoSpring.TutoSpringApplication     : Starting TutoSpringApplication using Java 17.0.8 with PID 11544 (C:\Users\narim\IdeaProjects\springProject\ProjectSpringAngular\target\classes started by narim in C:\Users\narim\IdeaProjects\springProject\ProjectSpringAngular)
2023-10-30T14:48:26.113+01:00 DEBUG 11544 --- [main] c.e.TutoSpring.TutoSpringApplication     : Running with Spring Boot v3.1.5, Spring v6.0.13
2023-10-30T14:48:26.114+01:00  INFO 11544 --- [main] c.e.TutoSpring.TutoSpringApplication     : No active profile set, falling back to 1 default profile: "default"
2023-10-30T14:48:26.839+01:00  INFO 11544 --- [main] .s.d.r.c.RepositoryConfigurationDelegate : Bootstrapping Spring Data JPA repositories in DEFAULT mode.
2023-10-30T14:48:26.919+01:00  INFO 11544 --- [main] .s.d.r.c.RepositoryConfigurationDelegate : Finished Spring Data repository scanning in 70 ms. Found 2 JPA repository interfaces.
2023-10-30T14:48:27.397+01:00  INFO 11544 --- [main] o.s.b.w.embedded.tomcat.TomcatWebServer  : Tomcat initialized with port(s): 8080 (http)
2023-10-30T14:48:27.498+01:00  INFO 11544 --- [main] w.s.c.ServletWebServerApplicationContext : Root WebApplicationContext: initialization completed in 1345 ms
2023-10-30T14:48:27.986+01:00  INFO 11544 --- [main] o.s.o.j.p.SpringPersistenceUnitInfo      : No LoadTimeWeaver setup: ignoring JPA class transformer
2023-10-30T14:48:28.278+01:00  WARN 11544 --- [main] org.hibernate.orm.deprecation            : HHH90000025: PostgreSQLDialect does not need to be specified explicitly using 'hibernate.dialect' (remove the property setting and it will be selected by default)
2023-10-30T14:48:29.464+01:00  INFO 11544 --- [main] j.LocalContainerEntityManagerFactoryBean : Initialized JPA EntityManagerFactory for persistence unit 'default'
2023-10-30T14:48:29.986+01:00  WARN 11544 --- [main] JpaBaseConfiguration$JpaWebConfiguration : spring.jpa.open-in-view is enabled by default. Therefore, database queries may be performed during view rendering. Explicitly configure spring.jpa.open-in-view to disable this warning
2023-10-30T14:48:30.885+01:00  INFO 11544 --- [main] o.s.b.w.embedded.tomcat.TomcatWebServer  : Tomcat started on port(s): 8080 (http) with context path ''
2023-10-30T14:48:30.895+01:00  INFO 11544 --- [main] c.e.TutoSpring.TutoSpringApplication     : Started TutoSpringApplication in 5.277 seconds (process running for 5.989)
2023-10-30T14:48:38.207+01:00  INFO 11544 --- [http-nio-8080-exec-1] o.s.web.servlet.DispatcherServlet        : Initializing Servlet 'dispatcherServlet'
2023-10-30T14:48:38.209+01:00  INFO 11544 --- [http-nio-8080-exec-1] o.s.web.servlet.DispatcherServlet        : Completed initialization in 1 ms
2023-10-30T14:48:38.766+01:00  WARN 11544 --- [http-nio-8080-exec-4] o.s.core.utils.PropertyResolverUtils     : Could not resolve placeholder 'info.app.name' in value "${info.app.name}"
2023-10-30T14:48:38.769+01:00  WARN 11544 --- [http-nio-8080-exec-4] o.s.core.utils.PropertyResolverUtils     : Could not resolve placeholder 'info.app.description' in value "${info.app.description}"
2023-10-30T14:48:38.770+01:00  WARN 11544 --- [http-nio-8080-exec-4] o.s.core.utils.PropertyResolverUtils     : Could not resolve placeholder 'info.app.version' in value "${info.app.version}"
2023-10-30T14:48:38.772+01:00  WARN 11544 --- [http-nio-8080-exec-4] o.s.core.utils.PropertyResolverUtils     : Could not resolve placeholder 'info.app.contact.name' in value "${info.app.contact.name}"
2023-10-30T14:48:38.773+01:00  WARN 11544 --- [http-nio-8080-exec-4] o.s.core.utils.PropertyResolverUtils     : Could not resolve placeholder 'info.app.contact.email' in value "${info.app.contact.email}"
2023-10-30T14:48:38.873+01:00  WARN 11544 --- [http-nio-8080-exec-4] ocalVariableTableParameterNameDiscoverer : Using deprecated '-debug' fallback for parameter name resolution. Compile the affected code with '-parameters' instead or avoid its introspection: com.example.TutoSpring.controller.SkillsController
